2021-12-08 09:04:32,705 [Worker-5: Loading available Gradle versions] INFO  o.e.b.c.i.u.g.PublishedGradleVersions - Gradle version information cache is out-of-date. Trying to update.
2021-12-08 09:10:37,247 [Worker-4: Loading available Gradle versions] INFO  o.e.b.c.i.u.g.PublishedGradleVersions - Gradle version information cache is up-to-date. Trying to read.
2021-12-08 11:42:43,880 [main] INFO  org.eclipse.jetty.server.Server - jetty-10.0.6; built: 2021-06-29T15:28:56.259Z; git: 37e7731b4b142a882d73974ff3bec78d621bd674; jvm 16.0.1+9-24
2021-12-08 11:42:43,914 [main] INFO  o.e.j.s.s.DefaultSessionIdManager - Session workerName=node0
2021-12-08 11:42:43,953 [main] INFO  o.e.j.server.handler.ContextHandler - Started o.e.j.s.ServletContextHandler@2e5e45ed{/wse,null,AVAILABLE}
2021-12-08 11:42:43,967 [main] INFO  o.e.jetty.server.AbstractConnector - Started ServerConnector@3e4ee330{HTTP/1.1, (http/1.1)}{0.0.0.0:53190}
2021-12-08 11:42:43,990 [main] INFO  org.eclipse.jetty.server.Server - Started Server@1d573cdd{STARTING}[10.0.6,sto=0] @9143730ms
2021-12-08 11:50:15,471 [Framework stop - Equinox Container: ce40a355-1d47-4269-8104-f6b4c08d2825] INFO  org.eclipse.jetty.server.Server - Stopped Server@1d573cdd{STOPPING}[10.0.6,sto=0]
2021-12-08 11:50:15,476 [Framework stop - Equinox Container: ce40a355-1d47-4269-8104-f6b4c08d2825] INFO  o.e.jetty.server.AbstractConnector - Stopped ServerConnector@3e4ee330{HTTP/1.1, (http/1.1)}{0.0.0.0:0}
2021-12-08 11:50:15,503 [Framework stop - Equinox Container: ce40a355-1d47-4269-8104-f6b4c08d2825] INFO  o.e.j.server.handler.ContextHandler - Stopped o.e.j.s.ServletContextHandler@2e5e45ed{/wse,null,STOPPED}
2021-12-08 11:50:35,738 [Worker-4: Loading available Gradle versions] INFO  o.e.b.c.i.u.g.PublishedGradleVersions - Gradle version information cache is up-to-date. Trying to read.
2021-12-08 14:35:02,613 [Worker-0: Loading available Gradle versions] INFO  o.e.b.c.i.u.g.PublishedGradleVersions - Gradle version information cache is up-to-date. Trying to read.
2021-12-09 08:53:27,378 [Worker-1: Loading available Gradle versions] INFO  o.e.b.c.i.u.g.PublishedGradleVersions - Gradle version information cache is up-to-date. Trying to read.
2021-12-10 09:02:03,180 [Worker-0: Loading available Gradle versions] INFO  o.e.b.c.i.u.g.PublishedGradleVersions - Gradle version information cache is up-to-date. Trying to read.
2021-12-13 09:01:51,596 [Worker-6: Loading available Gradle versions] INFO  o.e.b.c.i.u.g.PublishedGradleVersions - Gradle version information cache is out-of-date. Trying to update.
2021-12-14 16:43:23,296 [Worker-1: Loading available Gradle versions] INFO  o.e.b.c.i.u.g.PublishedGradleVersions - Gradle version information cache is up-to-date. Trying to read.
2021-12-14 17:03:24,970 [Worker-1: Loading available Gradle versions] INFO  o.e.b.c.i.u.g.PublishedGradleVersions - Gradle version information cache is up-to-date. Trying to read.
2021-12-15 00:55:58,610 [Worker-1: Loading available Gradle versions] INFO  o.e.b.c.i.u.g.PublishedGradleVersions - Gradle version information cache is up-to-date. Trying to read.
2021-12-16 12:06:15,809 [Worker-4: Loading available Gradle versions] INFO  o.e.b.c.i.u.g.PublishedGradleVersions - Gradle version information cache is up-to-date. Trying to read.
2021-12-16 12:17:24,056 [Worker-1: Loading available Gradle versions] INFO  o.e.b.c.i.u.g.PublishedGradleVersions - Gradle version information cache is up-to-date. Trying to read.
2021-12-16 12:51:13,973 [Worker-1: Loading available Gradle versions] INFO  o.e.b.c.i.u.g.PublishedGradleVersions - Gradle version information cache is up-to-date. Trying to read.
2021-12-16 18:28:27,430 [Worker-1: Loading available Gradle versions] INFO  o.e.b.c.i.u.g.PublishedGradleVersions - Gradle version information cache is up-to-date. Trying to read.
